<?xml version="1.0" encoding="UTF-8"?>
<!-- Generated by org.testng.reporters.JUnitXMLReporter -->
<testsuite ignored="0" hostname="DESKTOP-EQUNUBD" failures="0" tests="2" name="Test" time="0.058" errors="0" timestamp="2024-01-05T21:05:41 IST">
  <testcase classname="com.learnautomation.pages.BaseClass" name="@BeforeClass setup" time="-1.704468941316E9">
    <failure type="org.testng.TestNGException" message="
Parameter &amp;apos;browser&amp;apos; is required by BeforeClass on method setup but has not been marked @Optional or defined
in C:\Users\Nilesh Bhoi\git\F_Frame-\Framework\XMLFiles\testng.xml">
      <![CDATA[org.testng.TestNGException: 
Parameter 'browser' is required by BeforeClass on method setup but has not been marked @Optional or defined
in C:\Users\Nilesh Bhoi\git\F_Frame-\Framework\XMLFiles\testng.xml
at java.base/java.util.ArrayList.forEach(ArrayList.java:1596)
... Removed 22 stack frames]]>
    </failure>
  </testcase> <!-- @BeforeClass setup -->
  <testcase classname="com.learnautomation.pages.BaseClass" name="@AfterMethod teardownMethod" time="0.0">
    <skipped/>
  </testcase> <!-- @AfterMethod teardownMethod -->
  <testcase classname="com.learnautomation.pages.BaseClass" name="@AfterMethod teardownMethod" time="0.0">
    <skipped/>
  </testcase> <!-- @AfterMethod teardownMethod -->
  <testcase classname="com.learnautomation.pages.BaseClass" name="@AfterClass tearDown" time="0.0">
    <skipped/>
  </testcase> <!-- @AfterClass tearDown -->
  <testcase classname="com.learnautomation.testcases.LoginTestCRM" name="loginApp" time="0.0">
    <skipped/>
  </testcase> <!-- loginApp -->
  <testcase classname="com.learnautomation.testcases.LoginTestCRM" name="loginApp1" time="0.0">
    <skipped/>
  </testcase> <!-- loginApp1 -->
</testsuite> <!-- Test -->
